2021-02-02 14:29:42,408 [Worker-2] INFO  o.e.b.c.i.u.g.PublishedGradleVersions - Gradle version information cache is up-to-date. Trying to read.
2021-02-02 14:57:27,149 [Worker-15] INFO  o.e.m.c.i.p.ProjectConfigurationManager - Collecting project info '/pom.xml' D:\QA Manager 4\Automation-Telefonica\Telefonica\pom.xml
2021-02-02 14:57:35,798 [Worker-15] INFO  o.e.m.c.i.l.LifecycleMappingFactory - Using org.eclipse.m2e.jdt.JarLifecycleMapping lifecycle mapping for MavenProject: com_automation:Telefonica:0.0.1-SNAPSHOT @ D:\QA Manager 4\Automation-Telefonica\Telefonica\pom.xml.
2021-02-02 14:57:37,589 [Worker-15] INFO  o.e.m.j.i.AbstractJavaProjectConfigurator - Adding source folder /Telefonica/src/main/java
2021-02-02 14:57:37,599 [Worker-15] INFO  o.e.m.j.i.AbstractJavaProjectConfigurator - Adding source folder /Telefonica/src/test/java
2021-02-02 14:57:37,755 [Worker-15] INFO  o.e.m.c.i.p.ProjectConfigurationManager - Imported and configured 1 project(s) in 10 sec
2021-02-02 14:57:38,919 [Worker-15] INFO  o.e.m.c.i.embedder.EclipseLogger - Using 'UTF-8' encoding to copy filtered resources.
2021-02-02 14:57:38,920 [Worker-15] INFO  o.e.m.c.i.embedder.EclipseLogger - skip non existing resourceDirectory D:\QA Manager 4\Automation-Telefonica\Telefonica\src\main\resources
2021-02-02 14:57:38,922 [Worker-15] INFO  o.e.m.c.i.embedder.EclipseLogger - Using 'UTF-8' encoding to copy filtered resources.
2021-02-02 14:57:38,923 [Worker-15] INFO  o.e.m.c.i.embedder.EclipseLogger - skip non existing resourceDirectory D:\QA Manager 4\Automation-Telefonica\Telefonica\src\test\resources
2021-02-02 15:02:15,610 [Worker-22] INFO  o.e.m.c.i.l.LifecycleMappingFactory - Using org.eclipse.m2e.jdt.JarLifecycleMapping lifecycle mapping for MavenProject: com:automation-hseq:0.0.1-SNAPSHOT @ D:\QA Manager 4\Automation-Telefonica\Telefonica\pom.xml.
2021-02-02 15:02:17,862 [Worker-22] WARN  o.e.m.c.i.embedder.EclipseLogger - The POM for com.sun.xml.bind:jaxb-osgi:jar:2.2.10 is invalid, transitive dependencies (if any) will not be available, enable debug logging for more details
2021-02-02 15:02:32,893 [Worker-22] INFO  o.e.m.c.i.embedder.EclipseLogger - Using 'UTF-8' encoding to copy filtered resources.
2021-02-02 15:02:32,893 [Worker-22] INFO  o.e.m.c.i.embedder.EclipseLogger - skip non existing resourceDirectory D:\QA Manager 4\Automation-Telefonica\Telefonica\src\main\resources
2021-02-02 15:02:32,896 [Worker-22] INFO  o.e.m.c.i.embedder.EclipseLogger - Using 'UTF-8' encoding to copy filtered resources.
2021-02-02 15:02:32,896 [Worker-22] INFO  o.e.m.c.i.embedder.EclipseLogger - skip non existing resourceDirectory D:\QA Manager 4\Automation-Telefonica\Telefonica\src\test\resources
2021-02-02 15:02:36,671 [Worker-24] WARN  o.e.m.c.i.embedder.EclipseLogger - The POM for com.sun.xml.bind:jaxb-osgi:jar:2.2.10 is invalid, transitive dependencies (if any) will not be available, enable debug logging for more details
2021-02-02 15:02:37,151 [Worker-24] INFO  o.e.m.c.i.embedder.EclipseLogger - Using 'UTF-8' encoding to copy filtered resources.
2021-02-02 15:02:37,151 [Worker-24] INFO  o.e.m.c.i.embedder.EclipseLogger - skip non existing resourceDirectory D:\QA Manager 4\Automation-Telefonica\Telefonica\src\main\resources
2021-02-02 15:02:37,156 [Worker-24] INFO  o.e.m.c.i.embedder.EclipseLogger - Using 'UTF-8' encoding to copy filtered resources.
2021-02-02 15:02:37,156 [Worker-24] INFO  o.e.m.c.i.embedder.EclipseLogger - skip non existing resourceDirectory D:\QA Manager 4\Automation-Telefonica\Telefonica\src\test\resources
2021-02-02 16:45:17,001 [Worker-19] INFO  o.e.m.c.i.p.ProjectConfigurationManager - Update started
2021-02-02 16:45:17,802 [Worker-19] INFO  o.e.m.c.i.l.LifecycleMappingFactory - Using org.eclipse.m2e.jdt.JarLifecycleMapping lifecycle mapping for MavenProject: com:automation-hseq:0.0.1-SNAPSHOT @ D:\QA Manager 4\Automation-Telefonica\Telefonica\pom.xml.
2021-02-02 16:45:18,641 [Worker-19] WARN  o.e.m.c.i.embedder.EclipseLogger - The POM for com.sun.xml.bind:jaxb-osgi:jar:2.2.10 is invalid, transitive dependencies (if any) will not be available, enable debug logging for more details
2021-02-02 16:45:20,012 [Worker-19] INFO  o.e.m.j.i.AbstractJavaProjectConfigurator - Adding source folder /Telefonica/src/main/java
2021-02-02 16:45:20,013 [Worker-19] INFO  o.e.m.j.i.AbstractJavaProjectConfigurator - Adding source folder /Telefonica/src/test/java
2021-02-02 16:45:21,418 [Worker-19] INFO  o.e.m.c.i.p.ProjectConfigurationManager - Update completed: 4 sec
2021-02-02 16:45:22,748 [Worker-35] WARN  o.e.m.c.i.embedder.EclipseLogger - The POM for com.sun.xml.bind:jaxb-osgi:jar:2.2.10 is invalid, transitive dependencies (if any) will not be available, enable debug logging for more details
2021-02-02 16:45:23,611 [Worker-35] INFO  o.e.m.c.i.embedder.EclipseLogger - Using 'UTF-8' encoding to copy filtered resources.
2021-02-02 16:45:23,611 [Worker-35] INFO  o.e.m.c.i.embedder.EclipseLogger - skip non existing resourceDirectory D:\QA Manager 4\Automation-Telefonica\Telefonica\src\main\resources
2021-02-02 16:45:23,614 [Worker-35] INFO  o.e.m.c.i.embedder.EclipseLogger - Using 'UTF-8' encoding to copy filtered resources.
2021-02-02 16:45:23,614 [Worker-35] INFO  o.e.m.c.i.embedder.EclipseLogger - skip non existing resourceDirectory D:\QA Manager 4\Automation-Telefonica\Telefonica\src\test\resources
2021-02-02 17:04:01,961 [Worker-34] INFO  o.e.m.c.i.embedder.EclipseLogger - Using 'UTF-8' encoding to copy filtered resources.
2021-02-02 17:04:01,962 [Worker-34] INFO  o.e.m.c.i.embedder.EclipseLogger - skip non existing resourceDirectory D:\QA Manager 4\Automation-Telefonica\Telefonica\src\main\resources
2021-02-02 17:04:01,965 [Worker-34] INFO  o.e.m.c.i.embedder.EclipseLogger - Using 'UTF-8' encoding to copy filtered resources.
2021-02-02 17:04:01,966 [Worker-34] INFO  o.e.m.c.i.embedder.EclipseLogger - skip non existing resourceDirectory D:\QA Manager 4\Automation-Telefonica\Telefonica\src\test\resources
2021-02-02 17:06:01,734 [Worker-38] INFO  o.e.m.c.i.embedder.EclipseLogger - Using 'UTF-8' encoding to copy filtered resources.
2021-02-02 17:06:01,735 [Worker-38] INFO  o.e.m.c.i.embedder.EclipseLogger - skip non existing resourceDirectory D:\QA Manager 4\Automation-Telefonica\Telefonica\src\main\resources
2021-02-02 17:06:01,738 [Worker-38] INFO  o.e.m.c.i.embedder.EclipseLogger - Using 'UTF-8' encoding to copy filtered resources.
2021-02-02 17:06:01,738 [Worker-38] INFO  o.e.m.c.i.embedder.EclipseLogger - skip non existing resourceDirectory D:\QA Manager 4\Automation-Telefonica\Telefonica\src\test\resources
2021-02-03 07:41:20,449 [Worker-160] INFO  o.e.m.c.i.embedder.EclipseLogger - Using 'UTF-8' encoding to copy filtered resources.
2021-02-03 07:41:20,462 [Worker-160] INFO  o.e.m.c.i.embedder.EclipseLogger - skip non existing resourceDirectory D:\QA Manager 4\Automation-Telefonica\Telefonica\src\main\resources
2021-02-03 07:41:20,464 [Worker-160] INFO  o.e.m.c.i.embedder.EclipseLogger - Using 'UTF-8' encoding to copy filtered resources.
2021-02-03 07:41:20,464 [Worker-160] INFO  o.e.m.c.i.embedder.EclipseLogger - skip non existing resourceDirectory D:\QA Manager 4\Automation-Telefonica\Telefonica\src\test\resources
2021-02-03 07:41:39,443 [Worker-165] INFO  o.e.m.c.i.embedder.EclipseLogger - Using 'UTF-8' encoding to copy filtered resources.
2021-02-03 07:41:39,457 [Worker-165] INFO  o.e.m.c.i.embedder.EclipseLogger - skip non existing resourceDirectory D:\QA Manager 4\Automation-Telefonica\Telefonica\src\main\resources
2021-02-03 07:41:39,459 [Worker-165] INFO  o.e.m.c.i.embedder.EclipseLogger - Using 'UTF-8' encoding to copy filtered resources.
2021-02-03 07:41:39,460 [Worker-165] INFO  o.e.m.c.i.embedder.EclipseLogger - skip non existing resourceDirectory D:\QA Manager 4\Automation-Telefonica\Telefonica\src\test\resources
2021-02-03 07:42:17,863 [Worker-167] INFO  o.e.m.c.i.embedder.EclipseLogger - Using 'UTF-8' encoding to copy filtered resources.
2021-02-03 07:42:17,863 [Worker-167] INFO  o.e.m.c.i.embedder.EclipseLogger - skip non existing resourceDirectory D:\QA Manager 4\Automation-Telefonica\Telefonica\src\main\resources
2021-02-03 07:42:17,878 [Worker-167] INFO  o.e.m.c.i.embedder.EclipseLogger - Using 'UTF-8' encoding to copy filtered resources.
2021-02-03 07:42:17,878 [Worker-167] INFO  o.e.m.c.i.embedder.EclipseLogger - skip non existing resourceDirectory D:\QA Manager 4\Automation-Telefonica\Telefonica\src\test\resources
2021-02-03 07:42:40,259 [Worker-166] INFO  o.e.m.c.i.embedder.EclipseLogger - Using 'UTF-8' encoding to copy filtered resources.
2021-02-03 07:42:40,260 [Worker-166] INFO  o.e.m.c.i.embedder.EclipseLogger - skip non existing resourceDirectory D:\QA Manager 4\Automation-Telefonica\Telefonica\src\main\resources
2021-02-03 07:42:40,262 [Worker-166] INFO  o.e.m.c.i.embedder.EclipseLogger - Using 'UTF-8' encoding to copy filtered resources.
2021-02-03 07:42:40,263 [Worker-166] INFO  o.e.m.c.i.embedder.EclipseLogger - skip non existing resourceDirectory D:\QA Manager 4\Automation-Telefonica\Telefonica\src\test\resources
2021-02-03 07:43:52,152 [Worker-166] INFO  o.e.m.c.i.embedder.EclipseLogger - Using 'UTF-8' encoding to copy filtered resources.
2021-02-03 07:43:52,153 [Worker-166] INFO  o.e.m.c.i.embedder.EclipseLogger - skip non existing resourceDirectory D:\QA Manager 4\Automation-Telefonica\Telefonica\src\main\resources
2021-02-03 07:43:52,201 [Worker-166] INFO  o.e.m.c.i.embedder.EclipseLogger - Using 'UTF-8' encoding to copy filtered resources.
2021-02-03 07:43:52,201 [Worker-166] INFO  o.e.m.c.i.embedder.EclipseLogger - skip non existing resourceDirectory D:\QA Manager 4\Automation-Telefonica\Telefonica\src\test\resources
2021-02-03 07:54:22,005 [Worker-170] INFO  o.e.m.c.i.embedder.EclipseLogger - Using 'UTF-8' encoding to copy filtered resources.
2021-02-03 07:54:22,006 [Worker-170] INFO  o.e.m.c.i.embedder.EclipseLogger - skip non existing resourceDirectory D:\QA Manager 4\Automation-Telefonica\Telefonica\src\main\resources
2021-02-03 07:54:22,007 [Worker-170] INFO  o.e.m.c.i.embedder.EclipseLogger - Using 'UTF-8' encoding to copy filtered resources.
2021-02-03 07:54:22,008 [Worker-170] INFO  o.e.m.c.i.embedder.EclipseLogger - skip non existing resourceDirectory D:\QA Manager 4\Automation-Telefonica\Telefonica\src\test\resources
2021-02-03 08:07:43,860 [Worker-2] INFO  o.e.b.c.i.u.g.PublishedGradleVersions - Gradle version information cache is up-to-date. Trying to read.
2021-02-03 08:08:20,398 [Worker-8] INFO  o.e.m.c.i.l.LifecycleMappingFactory - Using org.eclipse.m2e.jdt.JarLifecycleMapping lifecycle mapping for MavenProject: com:automation-hseq:0.0.1-SNAPSHOT @ D:\QA Manager 4\Automation-Telefonica\Automation-Telefonica\Telefonica\pom.xml.
2021-02-03 08:08:24,971 [Worker-8] WARN  o.e.m.c.i.embedder.EclipseLogger - The POM for com.sun.xml.bind:jaxb-osgi:jar:2.2.10 is invalid, transitive dependencies (if any) will not be available, enable debug logging for more details
2021-02-03 08:08:24,971 [Worker-3] WARN  o.e.m.c.i.embedder.EclipseLogger - The POM for com.sun.xml.bind:jaxb-osgi:jar:2.2.10 is invalid, transitive dependencies (if any) will not be available, enable debug logging for more details
2021-02-03 08:08:32,892 [Worker-3] WARN  o.e.m.c.i.embedder.EclipseLogger - The POM for com.sun.xml.bind:jaxb-osgi:jar:2.2.10 is invalid, transitive dependencies (if any) will not be available, enable debug logging for more details
2021-02-03 08:08:40,670 [Worker-5] WARN  o.e.m.c.i.embedder.EclipseLogger - The POM for com.sun.xml.bind:jaxb-osgi:jar:2.2.10 is invalid, transitive dependencies (if any) will not be available, enable debug logging for more details
2021-02-03 08:08:44,041 [Worker-5] INFO  o.e.m.c.i.embedder.EclipseLogger - Using 'UTF-8' encoding to copy filtered resources.
2021-02-03 08:08:44,042 [Worker-5] INFO  o.e.m.c.i.embedder.EclipseLogger - skip non existing resourceDirectory D:\QA Manager 4\Automation-Telefonica\Automation-Telefonica\Telefonica\src\main\resources
2021-02-03 08:08:44,045 [Worker-5] INFO  o.e.m.c.i.embedder.EclipseLogger - Using 'UTF-8' encoding to copy filtered resources.
2021-02-03 08:08:44,045 [Worker-5] INFO  o.e.m.c.i.embedder.EclipseLogger - skip non existing resourceDirectory D:\QA Manager 4\Automation-Telefonica\Automation-Telefonica\Telefonica\src\test\resources
2021-02-03 08:09:46,885 [Worker-16] INFO  o.e.m.c.i.embedder.EclipseLogger - Using 'UTF-8' encoding to copy filtered resources.
2021-02-03 08:09:46,887 [Worker-16] INFO  o.e.m.c.i.embedder.EclipseLogger - skip non existing resourceDirectory D:\QA Manager 4\Automation-Telefonica\Automation-Telefonica\Telefonica\src\main\resources
2021-02-03 08:09:46,889 [Worker-16] INFO  o.e.m.c.i.embedder.EclipseLogger - Using 'UTF-8' encoding to copy filtered resources.
2021-02-03 08:09:46,921 [Worker-16] INFO  o.e.m.c.i.embedder.EclipseLogger - Copying 0 resource
2021-02-03 08:10:14,494 [Worker-15] INFO  o.e.m.c.i.embedder.EclipseLogger - Using 'UTF-8' encoding to copy filtered resources.
2021-02-03 08:10:14,496 [Worker-15] INFO  o.e.m.c.i.embedder.EclipseLogger - skip non existing resourceDirectory D:\QA Manager 4\Automation-Telefonica\Automation-Telefonica\Telefonica\src\main\resources
2021-02-03 08:10:14,499 [Worker-15] INFO  o.e.m.c.i.embedder.EclipseLogger - Using 'UTF-8' encoding to copy filtered resources.
2021-02-03 08:10:14,501 [Worker-15] INFO  o.e.m.c.i.embedder.EclipseLogger - Copying 0 resource
2021-02-03 08:10:41,013 [Worker-20] INFO  o.e.m.c.i.embedder.EclipseLogger - Using 'UTF-8' encoding to copy filtered resources.
2021-02-03 08:10:41,013 [Worker-20] INFO  o.e.m.c.i.embedder.EclipseLogger - skip non existing resourceDirectory D:\QA Manager 4\Automation-Telefonica\Automation-Telefonica\Telefonica\src\main\resources
2021-02-03 08:10:41,015 [Worker-20] INFO  o.e.m.c.i.embedder.EclipseLogger - Using 'UTF-8' encoding to copy filtered resources.
2021-02-03 08:10:41,018 [Worker-20] INFO  o.e.m.c.i.embedder.EclipseLogger - Copying 0 resource
2021-02-03 08:16:05,024 [Worker-2] INFO  o.e.m.c.i.embedder.EclipseLogger - Using 'UTF-8' encoding to copy filtered resources.
2021-02-03 08:16:05,024 [Worker-2] INFO  o.e.m.c.i.embedder.EclipseLogger - skip non existing resourceDirectory D:\QA Manager 4\Automation-Telefonica\Automation-Telefonica\Telefonica\src\main\resources
2021-02-03 08:16:05,025 [Worker-2] INFO  o.e.m.c.i.embedder.EclipseLogger - Using 'UTF-8' encoding to copy filtered resources.
2021-02-03 08:16:05,026 [Worker-2] INFO  o.e.m.c.i.embedder.EclipseLogger - Copying 0 resource
2021-02-03 08:16:21,732 [Worker-2] INFO  o.e.m.c.i.embedder.EclipseLogger - Using 'UTF-8' encoding to copy filtered resources.
2021-02-03 08:16:21,734 [Worker-2] INFO  o.e.m.c.i.embedder.EclipseLogger - skip non existing resourceDirectory D:\QA Manager 4\Automation-Telefonica\Automation-Telefonica\Telefonica\src\main\resources
2021-02-03 08:16:21,739 [Worker-2] INFO  o.e.m.c.i.embedder.EclipseLogger - Using 'UTF-8' encoding to copy filtered resources.
2021-02-03 08:16:21,740 [Worker-2] INFO  o.e.m.c.i.embedder.EclipseLogger - Copying 0 resource
2021-02-03 08:16:38,726 [Worker-17] INFO  o.e.m.c.i.embedder.EclipseLogger - Using 'UTF-8' encoding to copy filtered resources.
2021-02-03 08:16:38,726 [Worker-17] INFO  o.e.m.c.i.embedder.EclipseLogger - skip non existing resourceDirectory D:\QA Manager 4\Automation-Telefonica\Automation-Telefonica\Telefonica\src\main\resources
2021-02-03 08:16:38,730 [Worker-17] INFO  o.e.m.c.i.embedder.EclipseLogger - Using 'UTF-8' encoding to copy filtered resources.
2021-02-03 08:16:38,731 [Worker-17] INFO  o.e.m.c.i.embedder.EclipseLogger - Copying 0 resource
2021-02-03 08:20:30,857 [Worker-12] INFO  o.e.m.c.i.embedder.EclipseLogger - Using 'UTF-8' encoding to copy filtered resources.
2021-02-03 08:20:30,858 [Worker-12] INFO  o.e.m.c.i.embedder.EclipseLogger - skip non existing resourceDirectory D:\QA Manager 4\Automation-Telefonica\Automation-Telefonica\Telefonica\src\main\resources
2021-02-03 08:20:30,862 [Worker-12] INFO  o.e.m.c.i.embedder.EclipseLogger - Using 'UTF-8' encoding to copy filtered resources.
2021-02-03 08:20:30,863 [Worker-12] INFO  o.e.m.c.i.embedder.EclipseLogger - Copying 0 resource
2021-02-03 08:20:58,661 [Worker-10] INFO  o.e.m.c.i.embedder.EclipseLogger - Using 'UTF-8' encoding to copy filtered resources.
2021-02-03 08:20:58,661 [Worker-10] INFO  o.e.m.c.i.embedder.EclipseLogger - skip non existing resourceDirectory D:\QA Manager 4\Automation-Telefonica\Automation-Telefonica\Telefonica\src\main\resources
2021-02-03 08:20:58,664 [Worker-10] INFO  o.e.m.c.i.embedder.EclipseLogger - Using 'UTF-8' encoding to copy filtered resources.
2021-02-03 08:20:58,664 [Worker-10] INFO  o.e.m.c.i.embedder.EclipseLogger - Copying 0 resource
